== application started at Nov 10 2017 08:15:57
OTClient 0.6.3 rev 2474 (custom) built on Dec 11 2015 for arch x86
Loaded module 'corelib'
Loaded module 'game_things'
Loaded module 'gamelib'
Loaded module 'client'
Loaded module 'client_styles'
Locale 'pl' is missing 1 translations.
Locale 'pt' is missing 19 translations.
Using configured locale: en
Loaded module 'client_locales'
Loaded module 'client_topmenu'
Loaded module 'client_background'
Loaded module 'client_options'
Loaded module 'client_entergame'
Loaded module 'client_terminal'
Loaded module 'client_modulemanager'
Loaded module 'client_serverlist'
Loaded module 'client_stats'
Loaded module 'game_interface'
Loaded module 'game_hotkeys'
Loaded module 'game_questlog'
Loaded module 'game_textmessage'
Loaded module 'game_console'
Loaded module 'game_outfit'
Loaded module 'game_healthinfo'
Loaded module 'game_skills'
Loaded module 'game_inventory'
Loaded module 'game_combatcontrols'
Loaded module 'game_containers'
Loaded module 'game_viplist'
Loaded module 'game_battle'
Loaded module 'game_minimap'
Loaded module 'game_npctrade'
Loaded module 'game_textwindow'
Loaded module 'game_playertrade'
Loaded module 'game_bugreport'
Loaded module 'game_playerdeath'
Loaded module 'game_playermount'
Loaded module 'game_ruleviolation'
Loaded module 'game_market'
Loaded module 'game_spelllist'
Loaded module 'game_cooldown'
Loaded module 'game_modaldialog'
Loaded module 'game_unjustifiedpoints'
Startup done :]
Exiting application..
== application started at Nov 10 2017 08:16:45
OTClient 0.6.3 rev 2474 (custom) built on Dec 11 2015 for arch x86
Loaded module 'corelib'
Loaded module 'game_things'
Loaded module 'gamelib'
Loaded module 'client'
Loaded module 'client_styles'
Locale 'pl' is missing 1 translations.
Locale 'pt' is missing 19 translations.
Using configured locale: en
Loaded module 'client_locales'
Loaded module 'client_topmenu'
Loaded module 'client_background'
Loaded module 'client_options'
Loaded module 'client_entergame'
Loaded module 'client_terminal'
Loaded module 'client_modulemanager'
Loaded module 'client_serverlist'
Loaded module 'client_stats'
Loaded module 'game_interface'
Loaded module 'game_hotkeys'
Loaded module 'game_questlog'
Loaded module 'game_textmessage'
Loaded module 'game_console'
Loaded module 'game_outfit'
Loaded module 'game_healthinfo'
Loaded module 'game_skills'
Loaded module 'game_inventory'
Loaded module 'game_combatcontrols'
Loaded module 'game_containers'
Loaded module 'game_viplist'
Loaded module 'game_battle'
Loaded module 'game_minimap'
Loaded module 'game_npctrade'
Loaded module 'game_textwindow'
Loaded module 'game_playertrade'
Loaded module 'game_bugreport'
Loaded module 'game_playerdeath'
Loaded module 'game_playermount'
Loaded module 'game_ruleviolation'
Loaded module 'game_market'
Loaded module 'game_spelllist'
Loaded module 'game_cooldown'
Loaded module 'game_modaldialog'
Loaded module 'game_unjustifiedpoints'
Startup done :]
ERROR: Unable to send extended opcode 1, extended opcodes are not enabled
Exiting application..
== application started at Nov 10 2017 08:19:47
OTClient 0.6.3 rev 2474 (custom) built on Dec 11 2015 for arch x86
Loaded module 'corelib'
Loaded module 'game_things'
Loaded module 'gamelib'
Loaded module 'client'
Loaded module 'client_styles'
Locale 'pl' is missing 1 translations.
Locale 'pt' is missing 19 translations.
Using configured locale: en
Loaded module 'client_locales'
Loaded module 'client_topmenu'
Loaded module 'client_background'
Loaded module 'client_options'
Loaded module 'client_entergame'
Loaded module 'client_terminal'
Loaded module 'client_modulemanager'
Loaded module 'client_serverlist'
Loaded module 'client_stats'
Loaded module 'game_interface'
Loaded module 'game_hotkeys'
Loaded module 'game_questlog'
Loaded module 'game_textmessage'
Loaded module 'game_console'
Loaded module 'game_outfit'
Loaded module 'game_healthinfo'
Loaded module 'game_skills'
Loaded module 'game_inventory'
Loaded module 'game_combatcontrols'
Loaded module 'game_containers'
Loaded module 'game_viplist'
Loaded module 'game_battle'
Loaded module 'game_minimap'
Loaded module 'game_npctrade'
Loaded module 'game_textwindow'
Loaded module 'game_playertrade'
Loaded module 'game_bugreport'
Loaded module 'game_playerdeath'
Loaded module 'game_playermount'
Loaded module 'game_ruleviolation'
Loaded module 'game_market'
Loaded module 'game_spelllist'
Loaded module 'game_cooldown'
Loaded module 'game_modaldialog'
Loaded module 'game_unjustifiedpoints'
ERROR: Unable to load texture '/...ol-otclient-candybot-fbc027c/candybot': unable to open file '/...ol-otclient-candybot-fbc027c/candybot.png': O sistema não pode encontrar o caminho especificado.
== application started at Nov 10 2017 08:20:19
OTClient 0.6.3 rev 2474 (custom) built on Dec 11 2015 for arch x86
Loaded module 'corelib'
Loaded module 'game_things'
Loaded module 'gamelib'
Loaded module 'client'
Loaded module 'client_styles'
Locale 'pl' is missing 1 translations.
Locale 'pt' is missing 19 translations.
Using configured locale: en
Loaded module 'client_locales'
Loaded module 'client_topmenu'
Loaded module 'client_background'
Loaded module 'client_options'
Loaded module 'client_entergame'
Loaded module 'client_terminal'
Loaded module 'client_modulemanager'
Loaded module 'client_serverlist'
Loaded module 'client_stats'
Loaded module 'game_interface'
Loaded module 'game_hotkeys'
Loaded module 'game_questlog'
Loaded module 'game_textmessage'
Loaded module 'game_console'
Loaded module 'game_outfit'
Loaded module 'game_healthinfo'
Loaded module 'game_skills'
Loaded module 'game_inventory'
Loaded module 'game_combatcontrols'
Loaded module 'game_containers'
Loaded module 'game_viplist'
Loaded module 'game_battle'
Loaded module 'game_minimap'
Loaded module 'game_npctrade'
Loaded module 'game_textwindow'
Loaded module 'game_playertrade'
Loaded module 'game_bugreport'
Loaded module 'game_playerdeath'
Loaded module 'game_playermount'
Loaded module 'game_ruleviolation'
Loaded module 'game_market'
Loaded module 'game_spelllist'
Loaded module 'game_cooldown'
Loaded module 'game_modaldialog'
Loaded module 'game_unjustifiedpoints'
ERROR: Unable to load texture '/...ol-otclient-candybot-fbc027c/candybot': unable to open file '/...ol-otclient-candybot-fbc027c/candybot.png': O sistema não pode encontrar o caminho especificado.
== application started at Nov 10 2017 08:20:33
OTClient 0.6.3 rev 2474 (custom) built on Dec 11 2015 for arch x86
Loaded module 'corelib'
Loaded module 'game_things'
Loaded module 'gamelib'
Loaded module 'client'
Loaded module 'client_styles'
Locale 'pl' is missing 1 translations.
Locale 'pt' is missing 19 translations.
Using configured locale: en
Loaded module 'client_locales'
Loaded module 'client_topmenu'
Loaded module 'client_background'
Loaded module 'client_options'
Loaded module 'client_entergame'
Loaded module 'client_terminal'
Loaded module 'client_modulemanager'
Loaded module 'client_serverlist'
Loaded module 'client_stats'
Loaded module 'game_interface'
Loaded module 'game_hotkeys'
Loaded module 'game_questlog'
Loaded module 'game_textmessage'
Loaded module 'game_console'
Loaded module 'game_outfit'
Loaded module 'game_healthinfo'
Loaded module 'game_skills'
Loaded module 'game_inventory'
Loaded module 'game_combatcontrols'
Loaded module 'game_containers'
Loaded module 'game_viplist'
Loaded module 'game_battle'
Loaded module 'game_minimap'
Loaded module 'game_npctrade'
Loaded module 'game_textwindow'
Loaded module 'game_playertrade'
Loaded module 'game_bugreport'
Loaded module 'game_playerdeath'
Loaded module 'game_playermount'
Loaded module 'game_ruleviolation'
Loaded module 'game_market'
Loaded module 'game_spelllist'
Loaded module 'game_cooldown'
Loaded module 'game_modaldialog'
Loaded module 'game_unjustifiedpoints'
ERROR: Unable to load texture '/...ol-otclient-candybot-fbc027c/candybot': unable to open file '/...ol-otclient-candybot-fbc027c/candybot.png': O sistema não pode encontrar o caminho especificado.
== application started at Nov 10 2017 08:20:55
OTClient 0.6.3 rev 2474 (custom) built on Dec 11 2015 for arch x86
Loaded module 'corelib'
Loaded module 'game_things'
Loaded module 'gamelib'
Loaded module 'client'
Loaded module 'client_styles'
Locale 'pl' is missing 1 translations.
Locale 'pt' is missing 19 translations.
Using configured locale: en
Loaded module 'client_locales'
Loaded module 'client_topmenu'
Loaded module 'client_background'
Loaded module 'client_options'
Loaded module 'client_entergame'
Loaded module 'client_terminal'
Loaded module 'client_modulemanager'
Loaded module 'client_serverlist'
Loaded module 'client_stats'
Loaded module 'game_interface'
Loaded module 'game_hotkeys'
Loaded module 'game_questlog'
Loaded module 'game_textmessage'
Loaded module 'game_console'
Loaded module 'game_outfit'
Loaded module 'game_healthinfo'
Loaded module 'game_skills'
Loaded module 'game_inventory'
Loaded module 'game_combatcontrols'
Loaded module 'game_containers'
Loaded module 'game_viplist'
Loaded module 'game_battle'
Loaded module 'game_minimap'
Loaded module 'game_npctrade'
Loaded module 'game_textwindow'
Loaded module 'game_playertrade'
Loaded module 'game_bugreport'
Loaded module 'game_playerdeath'
Loaded module 'game_playermount'
Loaded module 'game_ruleviolation'
Loaded module 'game_market'
Loaded module 'game_spelllist'
Loaded module 'game_cooldown'
Loaded module 'game_modaldialog'
Loaded module 'game_unjustifiedpoints'
ERROR: Unable to load texture '/...ol-otclient-candybot-fbc027c/candybot': unable to open file '/...ol-otclient-candybot-fbc027c/candybot.png': O sistema não pode encontrar o caminho especificado.
== application started at Nov 10 2017 08:21:13
OTClient 0.6.3 rev 2474 (custom) built on Dec 11 2015 for arch x86
Loaded module 'corelib'
Loaded module 'game_things'
Loaded module 'gamelib'
Loaded module 'client'
Loaded module 'client_styles'
Locale 'pl' is missing 1 translations.
Locale 'pt' is missing 19 translations.
Using configured locale: en
Loaded module 'client_locales'
Loaded module 'client_topmenu'
Loaded module 'client_background'
Loaded module 'client_options'
Loaded module 'client_entergame'
Loaded module 'client_terminal'
Loaded module 'client_modulemanager'
Loaded module 'client_serverlist'
Loaded module 'client_stats'
Loaded module 'game_interface'
Loaded module 'game_hotkeys'
Loaded module 'game_questlog'
Loaded module 'game_textmessage'
Loaded module 'game_console'
Loaded module 'game_outfit'
Loaded module 'game_healthinfo'
Loaded module 'game_skills'
Loaded module 'game_inventory'
Loaded module 'game_combatcontrols'
Loaded module 'game_containers'
Loaded module 'game_viplist'
Loaded module 'game_battle'
Loaded module 'game_minimap'
Loaded module 'game_npctrade'
Loaded module 'game_textwindow'
Loaded module 'game_playertrade'
Loaded module 'game_bugreport'
Loaded module 'game_playerdeath'
Loaded module 'game_playermount'
Loaded module 'game_ruleviolation'
Loaded module 'game_market'
Loaded module 'game_spelllist'
Loaded module 'game_cooldown'
Loaded module 'game_modaldialog'
Loaded module 'game_unjustifiedpoints'
ERROR: Unable to load texture '/...ol-otclient-candybot-fbc027c/candybot': unable to open file '/...ol-otclient-candybot-fbc027c/candybot.png': O sistema não pode encontrar o caminho especificado.
== application started at Nov 10 2017 08:21:25
OTClient 0.6.3 rev 2474 (custom) built on Dec 11 2015 for arch x86
Loaded module 'corelib'
Loaded module 'game_things'
Loaded module 'gamelib'
Loaded module 'client'
Loaded module 'client_styles'
Locale 'pl' is missing 1 translations.
Locale 'pt' is missing 19 translations.
Using configured locale: en
Loaded module 'client_locales'
Loaded module 'client_topmenu'
Loaded module 'client_background'
Loaded module 'client_options'
Loaded module 'client_entergame'
Loaded module 'client_terminal'
Loaded module 'client_modulemanager'
Loaded module 'client_serverlist'
Loaded module 'client_stats'
Loaded module 'game_interface'
Loaded module 'game_hotkeys'
Loaded module 'game_questlog'
Loaded module 'game_textmessage'
Loaded module 'game_console'
Loaded module 'game_outfit'
Loaded module 'game_healthinfo'
Loaded module 'game_skills'
Loaded module 'game_inventory'
Loaded module 'game_combatcontrols'
Loaded module 'game_containers'
Loaded module 'game_viplist'
Loaded module 'game_battle'
Loaded module 'game_minimap'
Loaded module 'game_npctrade'
Loaded module 'game_textwindow'
Loaded module 'game_playertrade'
Loaded module 'game_bugreport'
Loaded module 'game_playerdeath'
Loaded module 'game_playermount'
Loaded module 'game_ruleviolation'
Loaded module 'game_market'
Loaded module 'game_spelllist'
Loaded module 'game_cooldown'
Loaded module 'game_modaldialog'
Loaded module 'game_unjustifiedpoints'
ERROR: Unable to load module 'rc_sound': LUA ERROR:
/rc_sound/rcsound.lua:104: attempt to index global 'g_sounds' (a nil value)
stack traceback:
	[C]: in function '__index'
	/rc_sound/rcsound.lua:104: in function 'init'
	/rc_sound/rcsound.otmod:12:[@onLoad]:1: in main chunk
	[C]: in function 'autoLoadModules'
	/init.lua:49: in main chunk
Startup done :]
ERROR: Unable to send extended opcode 1, extended opcodes are not enabled
ERROR: protected lua call failed: LUA ERROR:
/rc_sound/rcsound.lua:208: attempt to index global 'soundWindow' (a nil value)
stack traceback:
	[C]: in function '__index'
	/rc_sound/rcsound.lua:208: in function 'setLabel'
	/rc_sound/rcsound.lua:202: in function 'stopSound'
	/rc_sound/rcsound.lua:128: in function </rc_sound/rcsound.lua:127>
ERROR: Unable to load module 'rc_sound': LUA ERROR:
/rc_sound/rcsound.lua:104: attempt to index global 'g_sounds' (a nil value)
stack traceback:
	[C]: in function '__index'
	/rc_sound/rcsound.lua:104: in function 'init'
	/rc_sound/rcsound.otmod:12:[@onLoad]:1: in main chunk
	[C]: in function 'reload'
	/client_modulemanager/modulemanager.lua:126: in function 'reloadCurrentModule'
	/client_modulemanager/modulemanager.otui:134: [@onClick]:2: in function </client_modulemanager/modulemanager.otui:134: [@onClick]:1>
ERROR: Unable to load module 'rc_sound': LUA ERROR:
/rc_sound/rcsound.lua:104: attempt to index global 'g_sounds' (a nil value)
stack traceback:
	[C]: in function '__index'
	/rc_sound/rcsound.lua:104: in function 'init'
	/rc_sound/rcsound.otmod:12:[@onLoad]:1: in main chunk
	[C]: in function 'reload'
	/client_modulemanager/modulemanager.lua:126: in function 'reloadCurrentModule'
	/client_modulemanager/modulemanager.otui:134: [@onClick]:2: in function </client_modulemanager/modulemanager.otui:134: [@onClick]:1>
ERROR: protected lua call failed: LUA ERROR:
/rc_sound/rcsound.lua:208: attempt to index global 'soundWindow' (a nil value)
stack traceback:
	[C]: in function '__index'
	/rc_sound/rcsound.lua:208: in function 'setLabel'
	/rc_sound/rcsound.lua:202: in function 'stopSound'
	/rc_sound/rcsound.lua:133: in function </rc_sound/rcsound.lua:132>
Exiting application..
== application started at Nov 10 2017 08:25:01
OTClient 0.6.3 rev 2474 (custom) built on Dec 11 2015 for arch x86
Loaded module 'corelib'
Loaded module 'game_things'
Loaded module 'gamelib'
Loaded module 'client'
Loaded module 'client_styles'
Locale 'pl' is missing 1 translations.
Locale 'pt' is missing 19 translations.
Using configured locale: en
Loaded module 'client_locales'
Loaded module 'client_topmenu'
Loaded module 'client_background'
Loaded module 'client_options'
Loaded module 'client_entergame'
Loaded module 'client_terminal'
Loaded module 'client_modulemanager'
Loaded module 'client_serverlist'
Loaded module 'client_stats'
Loaded module 'game_interface'
Loaded module 'game_hotkeys'
Loaded module 'game_questlog'
Loaded module 'game_textmessage'
Loaded module 'game_console'
Loaded module 'game_outfit'
Loaded module 'game_healthinfo'
Loaded module 'game_skills'
Loaded module 'game_inventory'
Loaded module 'game_combatcontrols'
Loaded module 'game_containers'
Loaded module 'game_viplist'
Loaded module 'game_battle'
Loaded module 'game_minimap'
Loaded module 'game_npctrade'
Loaded module 'game_textwindow'
Loaded module 'game_playertrade'
Loaded module 'game_bugreport'
Loaded module 'game_playerdeath'
Loaded module 'game_playermount'
Loaded module 'game_ruleviolation'
Loaded module 'game_market'
Loaded module 'game_spelllist'
Loaded module 'game_cooldown'
Loaded module 'game_modaldialog'
Loaded module 'game_unjustifiedpoints'
ERROR: Unable to load texture '/...ol-otclient-candybot-fbc027c/candybot': unable to open file '/...ol-otclient-candybot-fbc027c/candybot.png': O sistema não pode encontrar o caminho especificado.
== application started at Nov 10 2017 08:25:07
OTClient 0.6.3 rev 2474 (custom) built on Dec 11 2015 for arch x86
Loaded module 'corelib'
Loaded module 'game_things'
Loaded module 'gamelib'
Loaded module 'client'
Loaded module 'client_styles'
Locale 'pl' is missing 1 translations.
Locale 'pt' is missing 19 translations.
Using configured locale: en
Loaded module 'client_locales'
Loaded module 'client_topmenu'
Loaded module 'client_background'
Loaded module 'client_options'
Loaded module 'client_entergame'
Loaded module 'client_terminal'
Loaded module 'client_modulemanager'
Loaded module 'client_serverlist'
Loaded module 'client_stats'
Loaded module 'game_interface'
Loaded module 'game_hotkeys'
Loaded module 'game_questlog'
Loaded module 'game_textmessage'
Loaded module 'game_console'
Loaded module 'game_outfit'
Loaded module 'game_healthinfo'
Loaded module 'game_skills'
Loaded module 'game_inventory'
Loaded module 'game_combatcontrols'
Loaded module 'game_containers'
Loaded module 'game_viplist'
Loaded module 'game_battle'
Loaded module 'game_minimap'
Loaded module 'game_npctrade'
Loaded module 'game_textwindow'
Loaded module 'game_playertrade'
Loaded module 'game_bugreport'
Loaded module 'game_playerdeath'
Loaded module 'game_playermount'
Loaded module 'game_ruleviolation'
Loaded module 'game_market'
Loaded module 'game_spelllist'
Loaded module 'game_cooldown'
Loaded module 'game_modaldialog'
Loaded module 'game_unjustifiedpoints'
ERROR: Unable to load module 'rc_sound': LUA ERROR:
/rc_sound/rcsound.lua:104: attempt to index global 'g_sounds' (a nil value)
stack traceback:
	[C]: in function '__index'
	/rc_sound/rcsound.lua:104: in function 'init'
	/rc_sound/rcsound.otmod:12:[@onLoad]:1: in main chunk
	[C]: in function 'autoLoadModules'
	/init.lua:49: in main chunk
Startup done :]
ERROR: Unable to send extended opcode 1, extended opcodes are not enabled
ERROR: protected lua call failed: LUA ERROR:
/rc_sound/rcsound.lua:208: attempt to index global 'soundWindow' (a nil value)
stack traceback:
	[C]: in function '__index'
	/rc_sound/rcsound.lua:208: in function 'setLabel'
	/rc_sound/rcsound.lua:202: in function 'stopSound'
	/rc_sound/rcsound.lua:128: in function </rc_sound/rcsound.lua:127>
Loaded module 'gamelib'
Loaded module 'client_styles'
Locale 'pl' is missing 1 translations.
Locale 'pt' is missing 19 translations.
Using configured locale: en
Loaded module 'client_locales'
Loaded module 'client_topmenu'
Loaded module 'client_background'
Loaded module 'client_options'
Loaded module 'client_entergame'
Loaded module 'client_terminal'
Loaded module 'client_modulemanager'
Loaded module 'client_serverlist'
Loaded module 'client_stats'
Loaded module 'game_interface'
Loaded module 'game_hotkeys'
Loaded module 'game_questlog'
Loaded module 'game_textmessage'
Loaded module 'game_console'
Loaded module 'game_outfit'
Loaded module 'game_healthinfo'
Loaded module 'game_skills'
Loaded module 'game_inventory'
Loaded module 'game_combatcontrols'
Loaded module 'game_containers'
Loaded module 'game_viplist'
Loaded module 'game_battle'
Loaded module 'game_minimap'
Loaded module 'game_npctrade'
Loaded module 'game_textwindow'
Loaded module 'game_playertrade'
Loaded module 'game_bugreport'
Loaded module 'game_playerdeath'
Loaded module 'game_playermount'
Loaded module 'game_ruleviolation'
Loaded module 'game_market'
Loaded module 'game_spelllist'
Loaded module 'game_cooldown'
Loaded module 'game_modaldialog'
Loaded module 'game_unjustifiedpoints'
ERROR: Unable to load module 'rc_sound': LUA ERROR:
/rc_sound/rcsound.lua:104: attempt to index global 'g_sounds' (a nil value)
stack traceback:
	[C]: in function '__index'
	/rc_sound/rcsound.lua:104: in function 'init'
	/rc_sound/rcsound.otmod:12:[@onLoad]:1: in main chunk
	[C]: in function 'reload'
	/client_modulemanager/modulemanager.lua:126: in function 'reloadCurrentModule'
	/client_modulemanager/modulemanager.otui:134: [@onClick]:2: in function </client_modulemanager/modulemanager.otui:134: [@onClick]:1>
ERROR: Unable to load module 'rc_sound': LUA ERROR:
/rc_sound/rcsound.lua:104: attempt to index global 'g_sounds' (a nil value)
stack traceback:
	[C]: in function '__index'
	/rc_sound/rcsound.lua:104: in function 'init'
	/rc_sound/rcsound.otmod:12:[@onLoad]:1: in main chunk
	[C]: in function 'reload'
	/client_modulemanager/modulemanager.lua:126: in function 'reloadCurrentModule'
	/client_modulemanager/modulemanager.otui:134: [@onClick]:2: in function </client_modulemanager/modulemanager.otui:134: [@onClick]:1>
ERROR: Unable to load module 'rc_sound': LUA ERROR:
/rc_sound/rcsound.lua:104: attempt to index global 'g_sounds' (a nil value)
stack traceback:
	[C]: in function '__index'
	/rc_sound/rcsound.lua:104: in function 'init'
	/rc_sound/rcsound.otmod:12:[@onLoad]:1: in main chunk
	[C]: in function 'reload'
	/client_modulemanager/modulemanager.lua:126: in function 'reloadCurrentModule'
	/client_modulemanager/modulemanager.otui:134: [@onClick]:2: in function </client_modulemanager/modulemanager.otui:134: [@onClick]:1>
ERROR: Unable to load module 'rc_sound': LUA ERROR:
/rc_sound/rcsound.lua:104: attempt to index global 'g_sounds' (a nil value)
stack traceback:
	[C]: in function '__index'
	/rc_sound/rcsound.lua:104: in function 'init'
	/rc_sound/rcsound.otmod:12:[@onLoad]:1: in main chunk
	[C]: in function 'reload'
	/client_modulemanager/modulemanager.lua:126: in function 'reloadCurrentModule'
	/client_modulemanager/modulemanager.otui:134: [@onClick]:2: in function </client_modulemanager/modulemanager.otui:134: [@onClick]:1>
ERROR: Unable to load module 'rc_sound': LUA ERROR:
/rc_sound/rcsound.lua:104: attempt to index global 'g_sounds' (a nil value)
stack traceback:
	[C]: in function '__index'
	/rc_sound/rcsound.lua:104: in function 'init'
	/rc_sound/rcsound.otmod:12:[@onLoad]:1: in main chunk
	[C]: in function 'reload'
	/client_modulemanager/modulemanager.lua:126: in function 'reloadCurrentModule'
	/client_modulemanager/modulemanager.otui:134: [@onClick]:2: in function </client_modulemanager/modulemanager.otui:134: [@onClick]:1>
ERROR: Unable to load module 'rc_sound': LUA ERROR:
/rc_sound/rcsound.lua:104: attempt to index global 'g_sounds' (a nil value)
stack traceback:
	[C]: in function '__index'
	/rc_sound/rcsound.lua:104: in function 'init'
	/rc_sound/rcsound.otmod:12:[@onLoad]:1: in main chunk
	[C]: in function 'reload'
	/client_modulemanager/modulemanager.lua:126: in function 'reloadCurrentModule'
	/client_modulemanager/modulemanager.otui:134: [@onClick]:2: in function </client_modulemanager/modulemanager.otui:134: [@onClick]:1>
ERROR: Unable to load module 'rc_sound': LUA ERROR:
/rc_sound/rcsound.lua:104: attempt to index global 'g_sounds' (a nil value)
stack traceback:
	[C]: in function '__index'
	/rc_sound/rcsound.lua:104: in function 'init'
	/rc_sound/rcsound.otmod:12:[@onLoad]:1: in main chunk
	[C]: in function 'reload'
	/client_modulemanager/modulemanager.lua:126: in function 'reloadCurrentModule'
	/client_modulemanager/modulemanager.otui:134: [@onClick]:2: in function </client_modulemanager/modulemanager.otui:134: [@onClick]:1>
ERROR: Unable to load module 'rc_sound': LUA ERROR:
/rc_sound/rcsound.lua:104: attempt to index global 'g_sounds' (a nil value)
stack traceback:
	[C]: in function '__index'
	/rc_sound/rcsound.lua:104: in function 'init'
	/rc_sound/rcsound.otmod:12:[@onLoad]:1: in main chunk
	[C]: in function 'reload'
	/client_modulemanager/modulemanager.lua:126: in function 'reloadCurrentModule'
	/client_modulemanager/modulemanager.otui:134: [@onClick]:2: in function </client_modulemanager/modulemanager.otui:134: [@onClick]:1>
ERROR: Unable to load module 'rc_sound': LUA ERROR:
/rc_sound/rcsound.lua:104: attempt to index global 'g_sounds' (a nil value)
stack traceback:
	[C]: in function '__index'
	/rc_sound/rcsound.lua:104: in function 'init'
	/rc_sound/rcsound.otmod:12:[@onLoad]:1: in main chunk
	[C]: in function 'reload'
	/client_modulemanager/modulemanager.lua:126: in function 'reloadCurrentModule'
	/client_modulemanager/modulemanager.otui:134: [@onClick]:2: in function </client_modulemanager/modulemanager.otui:134: [@onClick]:1>
ERROR: Unable to load module 'rc_sound': LUA ERROR:
/rc_sound/rcsound.lua:104: attempt to index global 'g_sounds' (a nil value)
stack traceback:
	[C]: in function '__index'
	/rc_sound/rcsound.lua:104: in function 'init'
	/rc_sound/rcsound.otmod:12:[@onLoad]:1: in main chunk
	[C]: in function 'reload'
	/client_modulemanager/modulemanager.lua:126: in function 'reloadCurrentModule'
	/client_modulemanager/modulemanager.otui:134: [@onClick]:2: in function </client_modulemanager/modulemanager.otui:134: [@onClick]:1>
ERROR: Unable to load module 'rc_sound': LUA ERROR:
/rc_sound/rcsound.lua:104: attempt to index global 'g_sounds' (a nil value)
stack traceback:
	[C]: in function '__index'
	/rc_sound/rcsound.lua:104: in function 'init'
	/rc_sound/rcsound.otmod:12:[@onLoad]:1: in main chunk
	[C]: in function 'reload'
	/client_modulemanager/modulemanager.lua:126: in function 'reloadCurrentModule'
	/client_modulemanager/modulemanager.otui:134: [@onClick]:2: in function </client_modulemanager/modulemanager.otui:134: [@onClick]:1>
ERROR: Unable to load module 'rc_sound': LUA ERROR:
/rc_sound/rcsound.lua:104: attempt to index global 'g_sounds' (a nil value)
stack traceback:
	[C]: in function '__index'
	/rc_sound/rcsound.lua:104: in function 'init'
	/rc_sound/rcsound.otmod:12:[@onLoad]:1: in main chunk
	[C]: in function 'reload'
	/client_modulemanager/modulemanager.lua:126: in function 'reloadCurrentModule'
	/client_modulemanager/modulemanager.otui:134: [@onClick]:2: in function </client_modulemanager/modulemanager.otui:134: [@onClick]:1>
ERROR: protected lua call failed: LUA ERROR:
/rc_sound/rcsound.lua:208: attempt to index global 'soundWindow' (a nil value)
stack traceback:
	[C]: in function '__index'
	/rc_sound/rcsound.lua:208: in function 'setLabel'
	/rc_sound/rcsound.lua:202: in function 'stopSound'
	/rc_sound/rcsound.lua:133: in function </rc_sound/rcsound.lua:132>
Exiting application..
== application started at Nov 10 2017 08:42:30
OTClient 0.6.6 rev 0 (df422c0) built on Feb 17 2017 for arch x86
ERROR: Unable to load texture '/images/audio': unable to open file '/images/audio.png': O sistema não pode encontrar o caminho especificado.
Startup done :]
ERROR: Unable to send extended opcode 1, extended opcodes are not enabled
ERROR: Unhandled onTextMessage message mode 46: --[Double XP]--
We are now in Event Double XP!!
RC Sounds: New sound area detected:
  Position: {x=8311, y=9442, z=6}
  Music: music/Kingdomellon.ogg
ERROR: unhandled onTalk message mode 51: Hello ADM Ellon. I sell ropes (50gp), shovels (20gp), backpacks (10gp), fishing rods (100gp), amulet of loss (10k), and torches (2gp). I buy vials (10gp).
ERROR: unhandled onTalk message mode 51: How rude!
ERROR: unhandled onTalk message mode 51: Hello ADM Ellon. I sell ham, meat, carrots, apples, brown breads, brown mushrooms and eggs (everything for 8 gold coins)!
ERROR: unhandled onTalk message mode 51: How rude!
Exiting application..
== application started at Nov 10 2017 09:02:12
OTClient 0.6.3 rev 0 (devel) built on Aug 22 2016 for arch x86
Loaded module 'corelib'
Loaded module 'game_things'
Loaded module 'gamelib'
Loaded module 'client'
Loaded module 'client_styles'
Locale 'pl' is missing 1 translations.
Locale 'pt' is missing 19 translations.
Using configured locale: en
Loaded module 'client_locales'
Loaded module 'client_topmenu'
Loaded module 'client_background'
Loaded module 'client_options'
Loaded module 'client_entergame'
Loaded module 'client_terminal'
Loaded module 'client_modulemanager'
Loaded module 'client_serverlist'
Loaded module 'client_stats'
Loaded module 'game_interface'
Loaded module 'game_hotkeys'
Loaded module 'game_questlog'
Loaded module 'game_textmessage'
Loaded module 'game_console'
Loaded module 'game_outfit'
Loaded module 'game_healthinfo'
Loaded module 'game_skills'
Loaded module 'game_inventory'
Loaded module 'game_combatcontrols'
Loaded module 'game_containers'
Loaded module 'game_viplist'
Loaded module 'game_battle'
Loaded module 'game_minimap'
Loaded module 'game_npctrade'
Loaded module 'game_textwindow'
Loaded module 'game_playertrade'
Loaded module 'game_bugreport'
Loaded module 'game_playerdeath'
Loaded module 'game_playermount'
Loaded module 'game_ruleviolation'
Loaded module 'game_market'
Loaded module 'game_spelllist'
Loaded module 'game_cooldown'
Loaded module 'game_modaldialog'
Loaded module 'game_unjustifiedpoints'
ERROR: Unable to load texture '/images/audio': unable to open file '/images/audio.png': O sistema não pode encontrar o caminho especificado.
Loaded module 'rc_sound'
Startup done :]
ERROR: Unable to send extended opcode 1, extended opcodes are not enabled
ERROR: Unhandled onTextMessage message mode 46: --[Double XP]--
We are now in Event Double XP!!
RC Sounds: New sound area detected:
  Position: {x=8333, y=9450, z=6}
  Music: music/Kingdomellon.ogg
ERROR: ProtocolGame parse message exception (159 bytes unread, last opcode is 170, prev opcode is 170): InputMessage eof reached
ERROR: ProtocolGame parse message exception (314 bytes unread, last opcode is 170, prev opcode is -1): InputMessage eof reached
ERROR: no thing at pos:8342 9449 6, stackpos:1
at:
	[C++]: ?getMappedThing@ProtocolGame@@QAE?AV?$shared_object_ptr@VThing@@@stdext@@ABV?$shared_object_ptr@VInputMessage@@@3@@Z
ERROR: no creature found to move
at:
	[C++]: ?parseCreatureMove@ProtocolGame@@AAEXABV?$shared_object_ptr@VInputMessage@@@stdext@@@Z
Exiting application..
== application started at Nov 10 2017 09:03:05
OTClient 0.6.3 rev 2474 (custom) built on Dec 11 2015 for arch x86
Loaded module 'corelib'
Loaded module 'game_things'
Loaded module 'gamelib'
Loaded module 'client'
Loaded module 'client_styles'
Locale 'pl' is missing 1 translations.
Locale 'pt' is missing 19 translations.
Using configured locale: en
Loaded module 'client_locales'
Loaded module 'client_topmenu'
Loaded module 'client_background'
Loaded module 'client_options'
Loaded module 'client_entergame'
Loaded module 'client_terminal'
Loaded module 'client_modulemanager'
Loaded module 'client_serverlist'
Loaded module 'client_stats'
Loaded module 'game_interface'
Loaded module 'game_hotkeys'
Loaded module 'game_questlog'
Loaded module 'game_textmessage'
Loaded module 'game_console'
Loaded module 'game_outfit'
Loaded module 'game_healthinfo'
Loaded module 'game_skills'
Loaded module 'game_inventory'
Loaded module 'game_combatcontrols'
Loaded module 'game_containers'
Loaded module 'game_viplist'
Loaded module 'game_battle'
Loaded module 'game_minimap'
Loaded module 'game_npctrade'
Loaded module 'game_textwindow'
Loaded module 'game_playertrade'
Loaded module 'game_bugreport'
Loaded module 'game_playerdeath'
Loaded module 'game_playermount'
Loaded module 'game_ruleviolation'
Loaded module 'game_market'
Loaded module 'game_spelllist'
Loaded module 'game_cooldown'
Loaded module 'game_modaldialog'
Loaded module 'game_unjustifiedpoints'
ERROR: Unable to load module 'rc_sound': LUA ERROR:
/rc_sound/rcsound.lua:104: attempt to index global 'g_sounds' (a nil value)
stack traceback:
	[C]: in function '__index'
	/rc_sound/rcsound.lua:104: in function 'init'
	/rc_sound/rcsound.otmod:12:[@onLoad]:1: in main chunk
	[C]: in function 'autoLoadModules'
	/init.lua:49: in main chunk
Startup done :]
ERROR: Unable to send extended opcode 1, extended opcodes are not enabled
ERROR: protected lua call failed: LUA ERROR:
/rc_sound/rcsound.lua:208: attempt to index global 'soundWindow' (a nil value)
stack traceback:
	[C]: in function '__index'
	/rc_sound/rcsound.lua:208: in function 'setLabel'
	/rc_sound/rcsound.lua:202: in function 'stopSound'
	/rc_sound/rcsound.lua:128: in function </rc_sound/rcsound.lua:127>
ERROR: Unable to load module 'rc_sound': LUA ERROR:
/rc_sound/rcsound.lua:104: attempt to index global 'g_sounds' (a nil value)
stack traceback:
	[C]: in function '__index'
	/rc_sound/rcsound.lua:104: in function 'init'
	/rc_sound/rcsound.otmod:12:[@onLoad]:1: in main chunk
	[C]: in function 'reload'
	/client_modulemanager/modulemanager.lua:126: in function 'reloadCurrentModule'
	/client_modulemanager/modulemanager.otui:134: [@onClick]:2: in function </client_modulemanager/modulemanager.otui:134: [@onClick]:1>
ERROR: protected lua call failed: LUA ERROR:
/rc_sound/rcsound.lua:208: attempt to index global 'soundWindow' (a nil value)
stack traceback:
	[C]: in function '__index'
	/rc_sound/rcsound.lua:208: in function 'setLabel'
	/rc_sound/rcsound.lua:202: in function 'stopSound'
	/rc_sound/rcsound.lua:133: in function </rc_sound/rcsound.lua:132>
Exiting application..
== application started at Nov 10 2017 09:05:52
OTClient 0.6.3 rev 2474 (custom) built on Dec 11 2015 for arch x86
Loaded module 'corelib'
Loaded module 'game_things'
Loaded module 'gamelib'
Loaded module 'client'
Loaded module 'client_styles'
Locale 'pl' is missing 1 translations.
Locale 'pt' is missing 19 translations.
Using configured locale: en
Loaded module 'client_locales'
Loaded module 'client_topmenu'
Loaded module 'client_background'
Loaded module 'client_options'
Loaded module 'client_entergame'
Loaded module 'client_terminal'
Loaded module 'client_modulemanager'
Loaded module 'client_serverlist'
Loaded module 'client_stats'
Loaded module 'game_interface'
Loaded module 'game_hotkeys'
Loaded module 'game_questlog'
Loaded module 'game_textmessage'
Loaded module 'game_console'
Loaded module 'game_outfit'
Loaded module 'game_healthinfo'
Loaded module 'game_skills'
Loaded module 'game_inventory'
Loaded module 'game_combatcontrols'
Loaded module 'game_containers'
Loaded module 'game_viplist'
Loaded module 'game_battle'
Loaded module 'game_minimap'
Loaded module 'game_npctrade'
Loaded module 'game_textwindow'
Loaded module 'game_playertrade'
Loaded module 'game_bugreport'
Loaded module 'game_playerdeath'
Loaded module 'game_playermount'
Loaded module 'game_ruleviolation'
Loaded module 'game_market'
Loaded module 'game_spelllist'
Loaded module 'game_cooldown'
Loaded module 'game_modaldialog'
Loaded module 'game_unjustifiedpoints'
ERROR: Unable to load module 'rc_sound': LUA ERROR:
/rc_sound/rcsound.lua:104: attempt to index global 'g_sounds' (a nil value)
stack traceback:
	[C]: in function '__index'
	/rc_sound/rcsound.lua:104: in function 'init'
	/rc_sound/rcsound.otmod:12:[@onLoad]:1: in main chunk
	[C]: in function 'autoLoadModules'
	/init.lua:49: in main chunk
Startup done :]
ERROR: Unable to send extended opcode 1, extended opcodes are not enabled
ERROR: protected lua call failed: LUA ERROR:
/rc_sound/rcsound.lua:208: attempt to index global 'soundWindow' (a nil value)
stack traceback:
	[C]: in function '__index'
	/rc_sound/rcsound.lua:208: in function 'setLabel'
	/rc_sound/rcsound.lua:202: in function 'stopSound'
	/rc_sound/rcsound.lua:128: in function </rc_sound/rcsound.lua:127>
ERROR: protected lua call failed: LUA ERROR:
/rc_sound/rcsound.lua:208: attempt to index global 'soundWindow' (a nil value)
stack traceback:
	[C]: in function '__index'
	/rc_sound/rcsound.lua:208: in function 'setLabel'
	/rc_sound/rcsound.lua:202: in function 'stopSound'
	/rc_sound/rcsound.lua:133: in function </rc_sound/rcsound.lua:132>
Exiting application..
== application started at Nov 10 2017 09:12:43
OTClient 0.6.6 rev 0 (devel) built on Mar 10 2016 for arch x86
ERROR: Unable to load texture '/images/audio': unable to open file '/images/audio.png': O sistema não pode encontrar o caminho especificado.
Startup done :]
ERROR: Unable to send extended opcode 1, extended opcodes are not enabled
RC Sounds: New sound area detected:
  Position: {x=8333, y=9447, z=6}
  Music: music/Kingdomellon.ogg
ERROR: ProtocolGame parse message exception (159 bytes unread, last opcode is 170, prev opcode is 170): InputMessage eof reached
ERROR: ProtocolGame parse message exception (45 bytes unread, last opcode is 170, prev opcode is -1): InputMessage eof reached
Exiting application..
== application started at Nov 10 2017 10:29:03
OTClient 0.6.6 rev 0 (devel) built on Nov  8 2015 for arch x86
ERROR: Unable to load texture '/images/audio': unable to open file '/images/audio.png': O sistema não pode encontrar o caminho especificado.
Startup done :]
ERROR: Unable to send extended opcode 1, extended opcodes are not enabled
RC Sounds: New sound area detected:
  Position: {x=8594, y=9143, z=7}
  Music: music/City.ogg
Exiting application..
